2022-08-16 15:04:19,418 - INFO - Iter: 0; ema_loss: 1.003716
2022-08-16 15:04:33,317 - INFO - Iter: 100; ema_loss: 1.001116
2022-08-16 15:04:47,980 - INFO - Iter: 200; ema_loss: 0.999802
2022-08-16 15:05:01,831 - INFO - Iter: 300; ema_loss: 0.993517
2022-08-16 15:05:15,372 - INFO - Iter: 400; ema_loss: 0.950306
2022-08-16 15:05:28,551 - INFO - Iter: 500; ema_loss: 0.879679
2022-08-16 15:05:42,072 - INFO - Iter: 600; ema_loss: 0.821723
2022-08-16 15:05:55,662 - INFO - Iter: 700; ema_loss: 0.748428
2022-08-16 15:06:11,185 - INFO - Iter: 800; ema_loss: 0.702806
2022-08-16 15:06:25,931 - INFO - Iter: 900; ema_loss: 0.605789
2022-08-16 15:06:39,622 - INFO - Iter: 1000; ema_loss: 0.560012
2022-08-16 15:06:53,384 - INFO - Iter: 1100; ema_loss: 0.514502
2022-08-16 15:07:08,960 - INFO - Iter: 1200; ema_loss: 0.484495
2022-08-16 15:07:22,924 - INFO - Iter: 1300; ema_loss: 0.487231
2022-08-16 15:07:36,935 - INFO - Iter: 1400; ema_loss: 0.460002
2022-08-16 15:07:52,309 - INFO - Iter: 1500; ema_loss: 0.436497
2022-08-16 15:08:09,075 - INFO - Iter: 1600; ema_loss: 0.418610
2022-08-16 15:08:24,653 - INFO - Iter: 1700; ema_loss: 0.397598
2022-08-16 15:08:39,818 - INFO - Iter: 1800; ema_loss: 0.411601
2022-08-16 15:08:55,768 - INFO - Iter: 1900; ema_loss: 0.408546
2022-08-16 15:09:11,450 - INFO - Iter: 2000; ema_loss: 0.415797
2022-08-16 15:09:26,898 - INFO - Iter: 2100; ema_loss: 0.386915
2022-08-16 15:09:42,374 - INFO - Iter: 2200; ema_loss: 0.358567
2022-08-16 15:09:58,185 - INFO - Iter: 2300; ema_loss: 0.353448
2022-08-16 15:10:14,489 - INFO - Iter: 2400; ema_loss: 0.347804
2022-08-16 15:10:30,955 - INFO - Iter: 2500; ema_loss: 0.337174
2022-08-16 15:10:47,182 - INFO - Iter: 2600; ema_loss: 0.333164
2022-08-16 15:11:03,443 - INFO - Iter: 2700; ema_loss: 0.319981
2022-08-16 15:11:20,028 - INFO - Iter: 2800; ema_loss: 0.333081
2022-08-16 15:11:36,545 - INFO - Iter: 2900; ema_loss: 0.307396
2022-08-16 15:11:53,584 - INFO - Iter: 3000; ema_loss: 0.288864
2022-08-16 15:12:10,577 - INFO - Iter: 3100; ema_loss: 0.302426
2022-08-16 15:12:27,040 - INFO - Iter: 3200; ema_loss: 0.296238
2022-08-16 15:12:43,283 - INFO - Iter: 3300; ema_loss: 0.300970
2022-08-16 15:13:00,711 - INFO - Iter: 3400; ema_loss: 0.298994
2022-08-16 15:13:17,434 - INFO - Iter: 3500; ema_loss: 0.259820
2022-08-16 15:13:34,865 - INFO - Iter: 3600; ema_loss: 0.275943
2022-08-16 15:13:51,576 - INFO - Iter: 3700; ema_loss: 0.273047
2022-08-16 15:14:09,804 - INFO - Iter: 3800; ema_loss: 0.269300
2022-08-16 15:14:27,341 - INFO - Iter: 3900; ema_loss: 0.271629
2022-08-16 15:14:46,155 - INFO - Iter: 4000; ema_loss: 0.273211
2022-08-16 15:15:04,268 - INFO - Iter: 4100; ema_loss: 0.258472
2022-08-16 15:15:22,232 - INFO - Iter: 4200; ema_loss: 0.263111
2022-08-16 15:15:39,309 - INFO - Iter: 4300; ema_loss: 0.251965
2022-08-16 15:15:56,776 - INFO - Iter: 4400; ema_loss: 0.244657
2022-08-16 15:16:14,029 - INFO - Iter: 4500; ema_loss: 0.232693
2022-08-16 15:16:31,786 - INFO - Iter: 4600; ema_loss: 0.245253
2022-08-16 15:16:49,509 - INFO - Iter: 4700; ema_loss: 0.246778
2022-08-16 15:17:07,370 - INFO - Iter: 4800; ema_loss: 0.236961
2022-08-16 15:17:25,023 - INFO - Iter: 4900; ema_loss: 0.226747
2022-08-16 15:17:42,996 - INFO - Iter: 5000; ema_loss: 0.237900
2022-08-16 15:17:45,529 - INFO - 1-chain val AUC: 0.948097 val perc 94.137902; iteration: 5000
2022-08-16 15:17:46,442 - INFO - 2-inter val AUC: 0.815421 val perc 81.524590; iteration: 5000
2022-08-16 15:17:46,994 - INFO - Hard-2-inter val AUC: 0.492296 val perc 52.239814; iteration: 5000
2022-08-16 15:17:47,431 - INFO - 2-chain val AUC: 0.917437 val perc 94.261364; iteration: 5000
2022-08-16 15:17:48,040 - INFO - 3-chain val AUC: 0.878262 val perc 86.287129; iteration: 5000
2022-08-16 15:17:48,871 - INFO - 3-chain_inter val AUC: 0.815183 val perc 73.737374; iteration: 5000
2022-08-16 15:17:49,646 - INFO - Hard-3-chain_inter val AUC: 0.641873 val perc 65.439790; iteration: 5000
2022-08-16 15:17:50,443 - INFO - 3-inter_chain val AUC: 0.800700 val perc 77.829787; iteration: 5000
2022-08-16 15:17:51,167 - INFO - Hard-3-inter_chain val AUC: 0.520940 val perc 48.287860; iteration: 5000
2022-08-16 15:17:52,150 - INFO - 3-inter val AUC: 0.786970 val perc 78.894737; iteration: 5000
2022-08-16 15:17:53,009 - INFO - Hard-3-inter val AUC: 0.486444 val perc 52.741188; iteration: 5000
2022-08-16 15:18:11,113 - INFO - Iter: 5100; ema_loss: 0.238989
2022-08-16 15:18:29,844 - INFO - Iter: 5200; ema_loss: 0.232839
2022-08-16 15:18:47,665 - INFO - Iter: 5300; ema_loss: 0.210977
2022-08-16 15:19:05,620 - INFO - Iter: 5400; ema_loss: 0.222325
2022-08-16 15:19:23,851 - INFO - Iter: 5500; ema_loss: 0.226847
2022-08-16 15:19:42,375 - INFO - Iter: 5600; ema_loss: 0.213626
2022-08-16 15:20:00,353 - INFO - Iter: 5700; ema_loss: 0.216789
2022-08-16 15:20:18,480 - INFO - Iter: 5800; ema_loss: 0.219284
2022-08-16 15:20:36,470 - INFO - Iter: 5900; ema_loss: 0.216681
2022-08-16 15:20:54,584 - INFO - Iter: 6000; ema_loss: 0.217721
2022-08-16 15:21:12,094 - INFO - Iter: 6100; ema_loss: 0.220543
2022-08-16 15:21:29,887 - INFO - Iter: 6200; ema_loss: 0.213487
2022-08-16 15:21:47,982 - INFO - Iter: 6300; ema_loss: 0.216064
2022-08-16 15:22:06,241 - INFO - Iter: 6400; ema_loss: 0.211767
2022-08-16 15:22:25,049 - INFO - Iter: 6500; ema_loss: 0.213459
2022-08-16 15:22:43,425 - INFO - Iter: 6600; ema_loss: 0.205806
2022-08-16 15:23:01,657 - INFO - Iter: 6700; ema_loss: 0.192705
2022-08-16 15:23:20,273 - INFO - Iter: 6800; ema_loss: 0.198892
2022-08-16 15:23:39,227 - INFO - Iter: 6900; ema_loss: 0.201548
2022-08-16 15:23:58,115 - INFO - Iter: 7000; ema_loss: 0.200483
2022-08-16 15:24:17,135 - INFO - Iter: 7100; ema_loss: 0.191977
2022-08-16 15:24:36,392 - INFO - Iter: 7200; ema_loss: 0.191543
2022-08-16 15:24:56,668 - INFO - Iter: 7300; ema_loss: 0.201435
2022-08-16 15:25:15,558 - INFO - Iter: 7400; ema_loss: 0.206196
2022-08-16 15:25:34,246 - INFO - Iter: 7500; ema_loss: 0.219399
2022-08-16 15:25:52,886 - INFO - Iter: 7600; ema_loss: 0.209487
2022-08-16 15:26:11,449 - INFO - Iter: 7700; ema_loss: 0.202154
2022-08-16 15:26:29,902 - INFO - Iter: 7800; ema_loss: 0.209018
2022-08-16 15:26:48,496 - INFO - Iter: 7900; ema_loss: 0.210679
2022-08-16 15:27:07,355 - INFO - Iter: 8000; ema_loss: 0.211763
2022-08-16 15:27:26,543 - INFO - Iter: 8100; ema_loss: 0.195375
2022-08-16 15:27:44,918 - INFO - Iter: 8200; ema_loss: 0.173033
2022-08-16 15:28:03,902 - INFO - Iter: 8300; ema_loss: 0.185188
2022-08-16 15:28:22,105 - INFO - Iter: 8400; ema_loss: 0.179309
2022-08-16 15:28:41,621 - INFO - Iter: 8500; ema_loss: 0.198198
2022-08-16 15:29:00,090 - INFO - Iter: 8600; ema_loss: 0.197973
2022-08-16 15:29:19,004 - INFO - Iter: 8700; ema_loss: 0.190491
2022-08-16 15:29:38,022 - INFO - Iter: 8800; ema_loss: 0.183565
2022-08-16 15:29:57,511 - INFO - Iter: 8900; ema_loss: 0.189447
2022-08-16 15:30:16,691 - INFO - Iter: 9000; ema_loss: 0.195410
2022-08-16 15:30:35,020 - INFO - Iter: 9100; ema_loss: 0.184227
2022-08-16 15:30:54,082 - INFO - Iter: 9200; ema_loss: 0.192836
2022-08-16 15:31:12,770 - INFO - Iter: 9300; ema_loss: 0.182464
2022-08-16 15:31:31,332 - INFO - Iter: 9400; ema_loss: 0.183009
2022-08-16 15:31:49,786 - INFO - Iter: 9500; ema_loss: 0.185318
2022-08-16 15:32:08,348 - INFO - Iter: 9600; ema_loss: 0.190164
2022-08-16 15:32:27,083 - INFO - Iter: 9700; ema_loss: 0.180593
2022-08-16 15:32:45,989 - INFO - Iter: 9800; ema_loss: 0.165241
2022-08-16 15:33:05,218 - INFO - Iter: 9900; ema_loss: 0.186339
2022-08-16 15:33:23,959 - INFO - Iter: 10000; ema_loss: 0.176495
2022-08-16 15:33:25,930 - INFO - 1-chain val AUC: 0.960531 val perc 95.840555; iteration: 10000
2022-08-16 15:33:26,481 - INFO - 2-inter val AUC: 0.807320 val perc 80.762295; iteration: 10000
2022-08-16 15:33:27,048 - INFO - Hard-2-inter val AUC: 0.486274 val perc 52.498262; iteration: 10000
2022-08-16 15:33:27,458 - INFO - 2-chain val AUC: 0.903541 val perc 90.818182; iteration: 10000
2022-08-16 15:33:28,054 - INFO - 3-chain val AUC: 0.821537 val perc 82.851485; iteration: 10000
2022-08-16 15:33:28,794 - INFO - 3-chain_inter val AUC: 0.798523 val perc 74.292929; iteration: 10000
2022-08-16 15:33:29,524 - INFO - Hard-3-chain_inter val AUC: 0.651925 val perc 62.976413; iteration: 10000
2022-08-16 15:33:30,243 - INFO - 3-inter_chain val AUC: 0.787645 val perc 77.000000; iteration: 10000
2022-08-16 15:33:30,950 - INFO - Hard-3-inter_chain val AUC: 0.522644 val perc 49.534190; iteration: 10000
2022-08-16 15:33:31,771 - INFO - 3-inter val AUC: 0.795795 val perc 77.410526; iteration: 10000
2022-08-16 15:33:32,589 - INFO - Hard-3-inter val AUC: 0.461972 val perc 48.188750; iteration: 10000
2022-08-16 15:33:51,162 - INFO - Iter: 10100; ema_loss: 0.174624
2022-08-16 15:34:10,134 - INFO - Iter: 10200; ema_loss: 0.178151
2022-08-16 15:34:28,884 - INFO - Iter: 10300; ema_loss: 0.170006
2022-08-16 15:34:47,619 - INFO - Iter: 10400; ema_loss: 0.175346
2022-08-16 15:35:06,369 - INFO - Iter: 10500; ema_loss: 0.170127
2022-08-16 15:35:25,619 - INFO - Iter: 10600; ema_loss: 0.174229
2022-08-16 15:35:45,295 - INFO - Iter: 10700; ema_loss: 0.175802
2022-08-16 15:36:04,893 - INFO - Iter: 10800; ema_loss: 0.182732
2022-08-16 15:36:24,237 - INFO - Iter: 10900; ema_loss: 0.180314
2022-08-16 15:36:44,000 - INFO - Iter: 11000; ema_loss: 0.172112
2022-08-16 15:37:03,136 - INFO - Iter: 11100; ema_loss: 0.179303
2022-08-16 15:37:22,095 - INFO - Iter: 11200; ema_loss: 0.173814
2022-08-16 15:37:41,636 - INFO - Iter: 11300; ema_loss: 0.173631
2022-08-16 15:38:01,103 - INFO - Iter: 11400; ema_loss: 0.182732
2022-08-16 15:38:21,267 - INFO - Iter: 11500; ema_loss: 0.180604
2022-08-16 15:38:40,305 - INFO - Iter: 11600; ema_loss: 0.172488
2022-08-16 15:38:59,301 - INFO - Iter: 11700; ema_loss: 0.169100
2022-08-16 15:39:18,053 - INFO - Iter: 11800; ema_loss: 0.174413
2022-08-16 15:39:36,886 - INFO - Iter: 11900; ema_loss: 0.181562
2022-08-16 15:39:57,143 - INFO - Iter: 12000; ema_loss: 0.176471
2022-08-16 15:40:15,783 - INFO - Iter: 12100; ema_loss: 0.178419
2022-08-16 15:40:35,127 - INFO - Iter: 12200; ema_loss: 0.167318
2022-08-16 15:40:54,174 - INFO - Iter: 12300; ema_loss: 0.167521
2022-08-16 15:41:13,954 - INFO - Iter: 12400; ema_loss: 0.170340
2022-08-16 15:41:35,305 - INFO - Iter: 12500; ema_loss: 0.156849
2022-08-16 15:41:57,769 - INFO - Iter: 12600; ema_loss: 0.159637
2022-08-16 15:42:18,863 - INFO - Iter: 12700; ema_loss: 0.164206
2022-08-16 15:42:40,082 - INFO - Iter: 12800; ema_loss: 0.167288
2022-08-16 15:43:00,644 - INFO - Iter: 12900; ema_loss: 0.157908
2022-08-16 15:43:20,394 - INFO - Iter: 13000; ema_loss: 0.164820
2022-08-16 15:43:41,173 - INFO - Iter: 13100; ema_loss: 0.173788
2022-08-16 15:44:01,542 - INFO - Iter: 13200; ema_loss: 0.171396
2022-08-16 15:44:21,279 - INFO - Iter: 13300; ema_loss: 0.164429
2022-08-16 15:44:41,121 - INFO - Iter: 13400; ema_loss: 0.155272
2022-08-16 15:45:01,073 - INFO - Iter: 13500; ema_loss: 0.154892
2022-08-16 15:45:22,104 - INFO - Iter: 13600; ema_loss: 0.172727
2022-08-16 15:45:42,740 - INFO - Iter: 13700; ema_loss: 0.174068
2022-08-16 15:46:03,723 - INFO - Iter: 13800; ema_loss: 0.170189
2022-08-16 15:46:24,268 - INFO - Iter: 13900; ema_loss: 0.157304
2022-08-16 15:46:44,817 - INFO - Iter: 14000; ema_loss: 0.166029
2022-08-16 15:47:04,708 - INFO - Iter: 14100; ema_loss: 0.164216
2022-08-16 15:47:24,747 - INFO - Iter: 14200; ema_loss: 0.166940
2022-08-16 15:47:44,637 - INFO - Iter: 14300; ema_loss: 0.175198
2022-08-16 15:48:04,276 - INFO - Iter: 14400; ema_loss: 0.156565
2022-08-16 15:48:23,918 - INFO - Iter: 14500; ema_loss: 0.165652
2022-08-16 15:48:44,292 - INFO - Iter: 14600; ema_loss: 0.169009
2022-08-16 15:49:04,244 - INFO - Iter: 14700; ema_loss: 0.160964
2022-08-16 15:49:24,213 - INFO - Iter: 14800; ema_loss: 0.155941
2022-08-16 15:49:44,102 - INFO - Iter: 14900; ema_loss: 0.135631
2022-08-16 15:50:04,915 - INFO - Iter: 15000; ema_loss: 0.150430
2022-08-16 15:50:07,462 - INFO - 1-chain val AUC: 0.966172 val perc 96.575706; iteration: 15000
2022-08-16 15:50:08,118 - INFO - 2-inter val AUC: 0.807370 val perc 79.106557; iteration: 15000
2022-08-16 15:50:08,775 - INFO - Hard-2-inter val AUC: 0.480884 val perc 49.909431; iteration: 15000
2022-08-16 15:50:09,228 - INFO - 2-chain val AUC: 0.893486 val perc 85.352273; iteration: 15000
2022-08-16 15:50:09,853 - INFO - 3-chain val AUC: 0.774755 val perc 82.990099; iteration: 15000
2022-08-16 15:50:10,603 - INFO - 3-chain_inter val AUC: 0.807181 val perc 77.050505; iteration: 15000
2022-08-16 15:50:11,322 - INFO - Hard-3-chain_inter val AUC: 0.659627 val perc 66.601154; iteration: 15000
2022-08-16 15:50:12,087 - INFO - 3-inter_chain val AUC: 0.778247 val perc 75.127660; iteration: 15000
2022-08-16 15:50:12,853 - INFO - Hard-3-inter_chain val AUC: 0.523675 val perc 53.636083; iteration: 15000
2022-08-16 15:50:13,697 - INFO - 3-inter val AUC: 0.797053 val perc 78.926316; iteration: 15000
2022-08-16 15:50:14,540 - INFO - Hard-3-inter val AUC: 0.461598 val perc 53.155946; iteration: 15000
2022-08-16 15:50:34,867 - INFO - Iter: 15100; ema_loss: 0.155622
2022-08-16 15:50:55,002 - INFO - Iter: 15200; ema_loss: 0.148593
2022-08-16 15:51:15,936 - INFO - Iter: 15300; ema_loss: 0.157930
2022-08-16 15:51:37,187 - INFO - Iter: 15400; ema_loss: 0.145365
2022-08-16 15:51:58,295 - INFO - Iter: 15500; ema_loss: 0.156931
2022-08-16 15:52:18,699 - INFO - Iter: 15600; ema_loss: 0.153124
2022-08-16 15:52:38,826 - INFO - Iter: 15700; ema_loss: 0.150388
2022-08-16 15:52:58,780 - INFO - Iter: 15800; ema_loss: 0.148788
2022-08-16 15:53:20,940 - INFO - Iter: 15900; ema_loss: 0.158728
2022-08-16 15:53:41,222 - INFO - Iter: 16000; ema_loss: 0.160251
2022-08-16 15:54:02,314 - INFO - Iter: 16100; ema_loss: 0.152307
2022-08-16 15:54:22,979 - INFO - Iter: 16200; ema_loss: 0.140364
2022-08-16 15:54:42,997 - INFO - Iter: 16300; ema_loss: 0.143274
2022-08-16 15:55:03,582 - INFO - Iter: 16400; ema_loss: 0.152043
2022-08-16 15:55:24,544 - INFO - Iter: 16500; ema_loss: 0.150384
2022-08-16 15:55:44,571 - INFO - Iter: 16600; ema_loss: 0.161450
2022-08-16 15:56:03,665 - INFO - Iter: 16700; ema_loss: 0.156135
2022-08-16 15:56:23,024 - INFO - Iter: 16800; ema_loss: 0.152774
2022-08-16 15:56:41,946 - INFO - Iter: 16900; ema_loss: 0.156442
2022-08-16 15:57:01,134 - INFO - Iter: 17000; ema_loss: 0.157010
2022-08-16 15:57:20,274 - INFO - Iter: 17100; ema_loss: 0.153523
2022-08-16 15:57:39,446 - INFO - Iter: 17200; ema_loss: 0.153330
2022-08-16 15:57:58,681 - INFO - Iter: 17300; ema_loss: 0.157390
2022-08-16 15:58:18,415 - INFO - Iter: 17400; ema_loss: 0.150740
2022-08-16 15:58:37,774 - INFO - Iter: 17500; ema_loss: 0.144947
2022-08-16 15:58:57,306 - INFO - Iter: 17600; ema_loss: 0.147207
2022-08-16 15:59:16,774 - INFO - Iter: 17700; ema_loss: 0.146950
2022-08-16 15:59:36,618 - INFO - Iter: 17800; ema_loss: 0.148740
2022-08-16 15:59:56,321 - INFO - Iter: 17900; ema_loss: 0.152897
2022-08-16 16:00:16,212 - INFO - Iter: 18000; ema_loss: 0.146162
2022-08-16 16:00:35,821 - INFO - Iter: 18100; ema_loss: 0.146462
2022-08-16 16:00:55,321 - INFO - Iter: 18200; ema_loss: 0.149074
2022-08-16 16:01:15,446 - INFO - Iter: 18300; ema_loss: 0.150354
2022-08-16 16:01:34,962 - INFO - Iter: 18400; ema_loss: 0.149734
2022-08-16 16:01:54,431 - INFO - Iter: 18500; ema_loss: 0.151818
2022-08-16 16:02:14,118 - INFO - Iter: 18600; ema_loss: 0.140255
2022-08-16 16:02:34,586 - INFO - Iter: 18700; ema_loss: 0.147625
2022-08-16 16:02:54,320 - INFO - Iter: 18800; ema_loss: 0.153005
2022-08-16 16:03:13,758 - INFO - Iter: 18900; ema_loss: 0.155433
2022-08-16 16:03:33,226 - INFO - Iter: 19000; ema_loss: 0.147424
2022-08-16 16:03:52,758 - INFO - Iter: 19100; ema_loss: 0.141629
2022-08-16 16:04:12,286 - INFO - Iter: 19200; ema_loss: 0.149246
2022-08-16 16:04:31,469 - INFO - Iter: 19300; ema_loss: 0.147368
2022-08-16 16:04:50,766 - INFO - Iter: 19400; ema_loss: 0.155772
2022-08-16 16:05:10,235 - INFO - Iter: 19500; ema_loss: 0.156936
2022-08-16 16:05:29,713 - INFO - Iter: 19600; ema_loss: 0.145244
2022-08-16 16:05:49,056 - INFO - Iter: 19700; ema_loss: 0.148483
2022-08-16 16:06:08,270 - INFO - Iter: 19800; ema_loss: 0.143065
2022-08-16 16:06:27,732 - INFO - Iter: 19900; ema_loss: 0.138044
2022-08-16 16:07:03,480 - INFO - 1-chain val AUC: 0.969624 val perc 96.955948; iteration: 19999
2022-08-16 16:07:05,167 - INFO - 2-inter val AUC: 0.807507 val perc 77.454726; iteration: 19999
2022-08-16 16:07:06,761 - INFO - Hard-2-inter val AUC: 0.493013 val perc 46.385995; iteration: 19999
2022-08-16 16:07:07,961 - INFO - 2-chain val AUC: 0.912073 val perc 85.297131; iteration: 19999
2022-08-16 16:07:11,891 - INFO - 3-chain val AUC: 0.826934 val perc 80.118712; iteration: 19999
2022-08-16 16:07:17,441 - INFO - 3-chain_inter val AUC: 0.800785 val perc 77.209118; iteration: 19999
2022-08-16 16:07:22,722 - INFO - Hard-3-chain_inter val AUC: 0.647449 val perc 67.204775; iteration: 19999
2022-08-16 16:07:27,831 - INFO - 3-inter_chain val AUC: 0.760514 val perc 74.565445; iteration: 19999
2022-08-16 16:07:32,691 - INFO - Hard-3-inter_chain val AUC: 0.518646 val perc 52.778589; iteration: 19999
2022-08-16 16:07:38,613 - INFO - 3-inter val AUC: 0.796061 val perc 77.211813; iteration: 19999
2022-08-16 16:07:44,425 - INFO - Hard-3-inter val AUC: 0.483528 val perc 47.519245; iteration: 19999
