2022-08-16 19:59:11,175 - INFO - Iter: 0; ema_loss: 1.000148
2022-08-16 19:59:26,644 - INFO - Iter: 100; ema_loss: 0.998388
2022-08-16 19:59:40,067 - INFO - Iter: 200; ema_loss: 0.975866
2022-08-16 19:59:53,316 - INFO - Iter: 300; ema_loss: 0.943111
2022-08-16 20:00:06,508 - INFO - Iter: 400; ema_loss: 0.860567
2022-08-16 20:00:19,035 - INFO - Iter: 500; ema_loss: 0.816311
2022-08-16 20:00:31,482 - INFO - Iter: 600; ema_loss: 0.739678
2022-08-16 20:00:44,236 - INFO - Iter: 700; ema_loss: 0.724936
2022-08-16 20:00:56,575 - INFO - Iter: 800; ema_loss: 0.673450
2022-08-16 20:01:09,920 - INFO - Iter: 900; ema_loss: 0.654797
2022-08-16 20:01:23,478 - INFO - Iter: 1000; ema_loss: 0.598851
2022-08-16 20:01:37,434 - INFO - Iter: 1100; ema_loss: 0.585255
2022-08-16 20:01:53,318 - INFO - Iter: 1200; ema_loss: 0.570146
2022-08-16 20:02:08,594 - INFO - Iter: 1300; ema_loss: 0.554830
2022-08-16 20:02:23,071 - INFO - Iter: 1400; ema_loss: 0.549159
2022-08-16 20:02:37,300 - INFO - Iter: 1500; ema_loss: 0.510242
2022-08-16 20:02:51,494 - INFO - Iter: 1600; ema_loss: 0.482462
2022-08-16 20:03:05,573 - INFO - Iter: 1700; ema_loss: 0.452396
2022-08-16 20:03:19,754 - INFO - Iter: 1800; ema_loss: 0.461074
2022-08-16 20:03:34,203 - INFO - Iter: 1900; ema_loss: 0.477138
2022-08-16 20:03:48,454 - INFO - Iter: 2000; ema_loss: 0.437745
2022-08-16 20:04:02,927 - INFO - Iter: 2100; ema_loss: 0.461512
2022-08-16 20:04:17,554 - INFO - Iter: 2200; ema_loss: 0.460668
2022-08-16 20:04:32,267 - INFO - Iter: 2300; ema_loss: 0.418423
2022-08-16 20:04:46,704 - INFO - Iter: 2400; ema_loss: 0.422723
2022-08-16 20:05:01,000 - INFO - Iter: 2500; ema_loss: 0.415213
2022-08-16 20:05:16,418 - INFO - Iter: 2600; ema_loss: 0.420402
2022-08-16 20:05:31,249 - INFO - Iter: 2700; ema_loss: 0.408983
2022-08-16 20:05:45,592 - INFO - Iter: 2800; ema_loss: 0.384035
2022-08-16 20:06:00,073 - INFO - Iter: 2900; ema_loss: 0.367996
2022-08-16 20:06:14,532 - INFO - Iter: 3000; ema_loss: 0.341968
2022-08-16 20:06:29,110 - INFO - Iter: 3100; ema_loss: 0.355275
2022-08-16 20:06:44,194 - INFO - Iter: 3200; ema_loss: 0.384124
2022-08-16 20:06:58,832 - INFO - Iter: 3300; ema_loss: 0.362748
2022-08-16 20:07:13,849 - INFO - Iter: 3400; ema_loss: 0.367276
2022-08-16 20:07:28,911 - INFO - Iter: 3500; ema_loss: 0.376704
2022-08-16 20:07:44,118 - INFO - Iter: 3600; ema_loss: 0.368721
2022-08-16 20:07:59,191 - INFO - Iter: 3700; ema_loss: 0.362270
2022-08-16 20:08:14,169 - INFO - Iter: 3800; ema_loss: 0.347326
2022-08-16 20:08:29,336 - INFO - Iter: 3900; ema_loss: 0.336935
2022-08-16 20:08:44,653 - INFO - Iter: 4000; ema_loss: 0.342231
2022-08-16 20:08:59,769 - INFO - Iter: 4100; ema_loss: 0.336037
2022-08-16 20:09:14,870 - INFO - Iter: 4200; ema_loss: 0.346954
2022-08-16 20:09:29,896 - INFO - Iter: 4300; ema_loss: 0.329513
2022-08-16 20:09:45,091 - INFO - Iter: 4400; ema_loss: 0.334168
2022-08-16 20:09:59,946 - INFO - Iter: 4500; ema_loss: 0.317802
2022-08-16 20:10:15,037 - INFO - Iter: 4600; ema_loss: 0.304261
2022-08-16 20:10:30,538 - INFO - Iter: 4700; ema_loss: 0.328739
2022-08-16 20:10:45,735 - INFO - Iter: 4800; ema_loss: 0.334096
2022-08-16 20:11:01,109 - INFO - Iter: 4900; ema_loss: 0.314660
2022-08-16 20:11:16,824 - INFO - Iter: 5000; ema_loss: 0.342970
2022-08-16 20:11:19,149 - INFO - 1-chain val AUC: 0.926158 val perc 91.826193; iteration: 5000
2022-08-16 20:11:20,399 - INFO - 2-inter val AUC: 0.501160 val perc 48.278689; iteration: 5000
2022-08-16 20:11:20,945 - INFO - Hard-2-inter val AUC: 0.495691 val perc 50.625846; iteration: 5000
2022-08-16 20:11:21,325 - INFO - 2-chain val AUC: 0.834871 val perc 90.397727; iteration: 5000
2022-08-16 20:11:21,871 - INFO - 3-chain val AUC: 0.717849 val perc 86.207921; iteration: 5000
2022-08-16 20:11:22,715 - INFO - 3-chain_inter val AUC: 0.081219 val perc 13.151515; iteration: 5000
2022-08-16 20:11:23,461 - INFO - Hard-3-chain_inter val AUC: 0.351578 val perc 23.399800; iteration: 5000
2022-08-16 20:11:24,211 - INFO - 3-inter_chain val AUC: 0.577975 val perc 51.191489; iteration: 5000
2022-08-16 20:11:24,961 - INFO - Hard-3-inter_chain val AUC: 0.523751 val perc 45.933141; iteration: 5000
2022-08-16 20:11:25,914 - INFO - 3-inter val AUC: 0.549705 val perc 53.073684; iteration: 5000
2022-08-16 20:11:26,729 - INFO - Hard-3-inter val AUC: 0.501334 val perc 50.676687; iteration: 5000
2022-08-16 20:11:41,978 - INFO - Iter: 5100; ema_loss: 0.351673
2022-08-16 20:11:57,009 - INFO - Iter: 5200; ema_loss: 0.315629
2022-08-16 20:12:12,523 - INFO - Iter: 5300; ema_loss: 0.330084
2022-08-16 20:12:28,136 - INFO - Iter: 5400; ema_loss: 0.339239
2022-08-16 20:12:43,462 - INFO - Iter: 5500; ema_loss: 0.331660
2022-08-16 20:12:58,868 - INFO - Iter: 5600; ema_loss: 0.315274
2022-08-16 20:13:14,384 - INFO - Iter: 5700; ema_loss: 0.345066
2022-08-16 20:13:29,931 - INFO - Iter: 5800; ema_loss: 0.333222
2022-08-16 20:13:45,348 - INFO - Iter: 5900; ema_loss: 0.317904
2022-08-16 20:14:00,412 - INFO - Iter: 6000; ema_loss: 0.311620
2022-08-16 20:14:15,401 - INFO - Iter: 6100; ema_loss: 0.300773
2022-08-16 20:14:30,715 - INFO - Iter: 6200; ema_loss: 0.306916
2022-08-16 20:14:45,781 - INFO - Iter: 6300; ema_loss: 0.306180
2022-08-16 20:15:01,162 - INFO - Iter: 6400; ema_loss: 0.297714
2022-08-16 20:15:16,534 - INFO - Iter: 6500; ema_loss: 0.304900
2022-08-16 20:15:32,215 - INFO - Iter: 6600; ema_loss: 0.308060
2022-08-16 20:15:47,941 - INFO - Iter: 6700; ema_loss: 0.307498
2022-08-16 20:16:03,962 - INFO - Iter: 6800; ema_loss: 0.298576
2022-08-16 20:16:20,010 - INFO - Iter: 6900; ema_loss: 0.306832
2022-08-16 20:16:36,144 - INFO - Iter: 7000; ema_loss: 0.304874
2022-08-16 20:16:52,352 - INFO - Iter: 7100; ema_loss: 0.306526
2022-08-16 20:17:08,417 - INFO - Iter: 7200; ema_loss: 0.302460
2022-08-16 20:17:24,560 - INFO - Iter: 7300; ema_loss: 0.306606
2022-08-16 20:17:40,611 - INFO - Iter: 7400; ema_loss: 0.299647
2022-08-16 20:17:56,554 - INFO - Iter: 7500; ema_loss: 0.296984
2022-08-16 20:18:12,531 - INFO - Iter: 7600; ema_loss: 0.290405
2022-08-16 20:18:28,421 - INFO - Iter: 7700; ema_loss: 0.286052
2022-08-16 20:18:44,440 - INFO - Iter: 7800; ema_loss: 0.308841
2022-08-16 20:19:00,224 - INFO - Iter: 7900; ema_loss: 0.291456
2022-08-16 20:19:15,947 - INFO - Iter: 8000; ema_loss: 0.300796
2022-08-16 20:19:32,836 - INFO - Iter: 8100; ema_loss: 0.303882
2022-08-16 20:19:48,414 - INFO - Iter: 8200; ema_loss: 0.287283
2022-08-16 20:20:04,118 - INFO - Iter: 8300; ema_loss: 0.281708
2022-08-16 20:20:20,243 - INFO - Iter: 8400; ema_loss: 0.276869
2022-08-16 20:20:35,790 - INFO - Iter: 8500; ema_loss: 0.265250
2022-08-16 20:20:51,681 - INFO - Iter: 8600; ema_loss: 0.273414
2022-08-16 20:21:07,610 - INFO - Iter: 8700; ema_loss: 0.275315
2022-08-16 20:21:23,931 - INFO - Iter: 8800; ema_loss: 0.290764
2022-08-16 20:21:39,781 - INFO - Iter: 8900; ema_loss: 0.297589
2022-08-16 20:21:55,428 - INFO - Iter: 9000; ema_loss: 0.269783
2022-08-16 20:22:11,462 - INFO - Iter: 9100; ema_loss: 0.283913
2022-08-16 20:22:27,400 - INFO - Iter: 9200; ema_loss: 0.286604
2022-08-16 20:22:43,237 - INFO - Iter: 9300; ema_loss: 0.271511
2022-08-16 20:22:58,991 - INFO - Iter: 9400; ema_loss: 0.279442
2022-08-16 20:23:14,964 - INFO - Iter: 9500; ema_loss: 0.297889
2022-08-16 20:23:31,100 - INFO - Iter: 9600; ema_loss: 0.290163
2022-08-16 20:23:47,123 - INFO - Iter: 9700; ema_loss: 0.291811
2022-08-16 20:24:02,978 - INFO - Iter: 9800; ema_loss: 0.289624
2022-08-16 20:24:18,915 - INFO - Iter: 9900; ema_loss: 0.284771
2022-08-16 20:24:35,135 - INFO - Iter: 10000; ema_loss: 0.291153
2022-08-16 20:24:36,994 - INFO - 1-chain val AUC: 0.934682 val perc 93.625974; iteration: 10000
2022-08-16 20:24:37,527 - INFO - 2-inter val AUC: 0.513970 val perc 52.885246; iteration: 10000
2022-08-16 20:24:38,074 - INFO - Hard-2-inter val AUC: 0.495370 val perc 50.217681; iteration: 10000
2022-08-16 20:24:38,449 - INFO - 2-chain val AUC: 0.862853 val perc 91.181818; iteration: 10000
2022-08-16 20:24:38,994 - INFO - 3-chain val AUC: 0.766386 val perc 86.871287; iteration: 10000
2022-08-16 20:24:39,728 - INFO - 3-chain_inter val AUC: 0.112886 val perc 19.979798; iteration: 10000
2022-08-16 20:24:40,463 - INFO - Hard-3-chain_inter val AUC: 0.353447 val perc 26.756261; iteration: 10000
2022-08-16 20:24:41,197 - INFO - 3-inter_chain val AUC: 0.567584 val perc 58.393617; iteration: 10000
2022-08-16 20:24:41,931 - INFO - Hard-3-inter_chain val AUC: 0.511308 val perc 49.914675; iteration: 10000
2022-08-16 20:24:42,748 - INFO - 3-inter val AUC: 0.565951 val perc 53.168421; iteration: 10000
2022-08-16 20:24:43,573 - INFO - Hard-3-inter val AUC: 0.500545 val perc 56.425057; iteration: 10000
2022-08-16 20:24:59,276 - INFO - Iter: 10100; ema_loss: 0.295353
2022-08-16 20:25:15,104 - INFO - Iter: 10200; ema_loss: 0.280139
2022-08-16 20:25:30,822 - INFO - Iter: 10300; ema_loss: 0.294275
2022-08-16 20:25:46,407 - INFO - Iter: 10400; ema_loss: 0.290781
2022-08-16 20:26:01,708 - INFO - Iter: 10500; ema_loss: 0.289454
2022-08-16 20:26:17,508 - INFO - Iter: 10600; ema_loss: 0.291131
2022-08-16 20:26:33,181 - INFO - Iter: 10700; ema_loss: 0.269103
2022-08-16 20:26:48,931 - INFO - Iter: 10800; ema_loss: 0.284015
2022-08-16 20:27:04,776 - INFO - Iter: 10900; ema_loss: 0.276635
2022-08-16 20:27:20,650 - INFO - Iter: 11000; ema_loss: 0.269075
2022-08-16 20:27:37,042 - INFO - Iter: 11100; ema_loss: 0.292171
2022-08-16 20:27:53,560 - INFO - Iter: 11200; ema_loss: 0.285554
2022-08-16 20:28:09,674 - INFO - Iter: 11300; ema_loss: 0.299414
2022-08-16 20:28:25,614 - INFO - Iter: 11400; ema_loss: 0.281834
2022-08-16 20:28:41,616 - INFO - Iter: 11500; ema_loss: 0.282301
2022-08-16 20:28:57,470 - INFO - Iter: 11600; ema_loss: 0.274279
2022-08-16 20:29:12,980 - INFO - Iter: 11700; ema_loss: 0.278094
2022-08-16 20:29:28,759 - INFO - Iter: 11800; ema_loss: 0.285553
2022-08-16 20:29:44,510 - INFO - Iter: 11900; ema_loss: 0.288798
2022-08-16 20:30:00,634 - INFO - Iter: 12000; ema_loss: 0.270342
2022-08-16 20:30:16,821 - INFO - Iter: 12100; ema_loss: 0.257890
2022-08-16 20:30:33,262 - INFO - Iter: 12200; ema_loss: 0.276959
2022-08-16 20:30:49,182 - INFO - Iter: 12300; ema_loss: 0.266343
2022-08-16 20:31:05,563 - INFO - Iter: 12400; ema_loss: 0.288946
2022-08-16 20:31:22,518 - INFO - Iter: 12500; ema_loss: 0.285881
2022-08-16 20:31:38,746 - INFO - Iter: 12600; ema_loss: 0.274945
2022-08-16 20:31:54,584 - INFO - Iter: 12700; ema_loss: 0.282794
2022-08-16 20:32:10,593 - INFO - Iter: 12800; ema_loss: 0.276637
2022-08-16 20:32:26,630 - INFO - Iter: 12900; ema_loss: 0.261923
2022-08-16 20:32:42,726 - INFO - Iter: 13000; ema_loss: 0.277540
2022-08-16 20:32:58,868 - INFO - Iter: 13100; ema_loss: 0.269731
2022-08-16 20:33:14,665 - INFO - Iter: 13200; ema_loss: 0.258198
2022-08-16 20:33:30,759 - INFO - Iter: 13300; ema_loss: 0.262798
2022-08-16 20:33:46,479 - INFO - Iter: 13400; ema_loss: 0.272942
2022-08-16 20:34:02,431 - INFO - Iter: 13500; ema_loss: 0.271818
2022-08-16 20:34:18,552 - INFO - Iter: 13600; ema_loss: 0.270138
2022-08-16 20:34:34,491 - INFO - Iter: 13700; ema_loss: 0.266489
2022-08-16 20:34:50,398 - INFO - Iter: 13800; ema_loss: 0.255857
2022-08-16 20:35:06,305 - INFO - Iter: 13900; ema_loss: 0.267621
2022-08-16 20:35:22,509 - INFO - Iter: 14000; ema_loss: 0.277546
2022-08-16 20:35:38,603 - INFO - Iter: 14100; ema_loss: 0.263918
2022-08-16 20:35:54,260 - INFO - Iter: 14200; ema_loss: 0.249147
2022-08-16 20:36:10,228 - INFO - Iter: 14300; ema_loss: 0.291378
2022-08-16 20:36:26,063 - INFO - Iter: 14400; ema_loss: 0.266527
2022-08-16 20:36:42,195 - INFO - Iter: 14500; ema_loss: 0.272013
2022-08-16 20:36:58,120 - INFO - Iter: 14600; ema_loss: 0.278638
2022-08-16 20:37:14,025 - INFO - Iter: 14700; ema_loss: 0.276043
2022-08-16 20:37:29,729 - INFO - Iter: 14800; ema_loss: 0.275122
2022-08-16 20:37:45,431 - INFO - Iter: 14900; ema_loss: 0.263495
2022-08-16 20:38:01,697 - INFO - Iter: 15000; ema_loss: 0.271087
2022-08-16 20:38:03,541 - INFO - 1-chain val AUC: 0.944566 val perc 94.349197; iteration: 15000
2022-08-16 20:38:04,087 - INFO - 2-inter val AUC: 0.464002 val perc 48.286885; iteration: 15000
2022-08-16 20:38:04,634 - INFO - Hard-2-inter val AUC: 0.491442 val perc 49.787428; iteration: 15000
2022-08-16 20:38:04,994 - INFO - 2-chain val AUC: 0.866001 val perc 90.352273; iteration: 15000
2022-08-16 20:38:05,541 - INFO - 3-chain val AUC: 0.786372 val perc 87.415842; iteration: 15000
2022-08-16 20:38:06,291 - INFO - 3-chain_inter val AUC: 0.064305 val perc 11.555556; iteration: 15000
2022-08-16 20:38:07,025 - INFO - Hard-3-chain_inter val AUC: 0.297345 val perc 25.248800; iteration: 15000
2022-08-16 20:38:07,775 - INFO - 3-inter_chain val AUC: 0.539823 val perc 56.159574; iteration: 15000
2022-08-16 20:38:08,528 - INFO - Hard-3-inter_chain val AUC: 0.528182 val perc 50.825168; iteration: 15000
2022-08-16 20:38:09,369 - INFO - 3-inter val AUC: 0.488709 val perc 45.400000; iteration: 15000
2022-08-16 20:38:10,181 - INFO - Hard-3-inter val AUC: 0.513247 val perc 48.305679; iteration: 15000
2022-08-16 20:38:25,948 - INFO - Iter: 15100; ema_loss: 0.255602
2022-08-16 20:38:41,978 - INFO - Iter: 15200; ema_loss: 0.259203
2022-08-16 20:38:58,088 - INFO - Iter: 15300; ema_loss: 0.257860
2022-08-16 20:39:14,682 - INFO - Iter: 15400; ema_loss: 0.285874
2022-08-16 20:39:30,666 - INFO - Iter: 15500; ema_loss: 0.261201
2022-08-16 20:39:46,791 - INFO - Iter: 15600; ema_loss: 0.264132
2022-08-16 20:40:02,744 - INFO - Iter: 15700; ema_loss: 0.261168
2022-08-16 20:40:18,838 - INFO - Iter: 15800; ema_loss: 0.270235
2022-08-16 20:40:34,621 - INFO - Iter: 15900; ema_loss: 0.264894
2022-08-16 20:40:50,464 - INFO - Iter: 16000; ema_loss: 0.265522
2022-08-16 20:41:06,214 - INFO - Iter: 16100; ema_loss: 0.262031
2022-08-16 20:41:22,277 - INFO - Iter: 16200; ema_loss: 0.266235
2022-08-16 20:41:37,871 - INFO - Iter: 16300; ema_loss: 0.287648
2022-08-16 20:41:53,637 - INFO - Iter: 16400; ema_loss: 0.254699
2022-08-16 20:42:08,809 - INFO - Iter: 16500; ema_loss: 0.247115
2022-08-16 20:42:24,293 - INFO - Iter: 16600; ema_loss: 0.248533
2022-08-16 20:42:40,043 - INFO - Iter: 16700; ema_loss: 0.270706
2022-08-16 20:42:55,965 - INFO - Iter: 16800; ema_loss: 0.265933
2022-08-16 20:43:12,012 - INFO - Iter: 16900; ema_loss: 0.263305
2022-08-16 20:43:27,826 - INFO - Iter: 17000; ema_loss: 0.269074
2022-08-16 20:43:43,592 - INFO - Iter: 17100; ema_loss: 0.253049
2022-08-16 20:43:59,592 - INFO - Iter: 17200; ema_loss: 0.249521
2022-08-16 20:44:15,435 - INFO - Iter: 17300; ema_loss: 0.260735
2022-08-16 20:44:31,482 - INFO - Iter: 17400; ema_loss: 0.254704
2022-08-16 20:44:47,607 - INFO - Iter: 17500; ema_loss: 0.252853
2022-08-16 20:45:03,592 - INFO - Iter: 17600; ema_loss: 0.251887
2022-08-16 20:45:19,623 - INFO - Iter: 17700; ema_loss: 0.262550
2022-08-16 20:45:35,232 - INFO - Iter: 17800; ema_loss: 0.257853
2022-08-16 20:45:51,013 - INFO - Iter: 17900; ema_loss: 0.235484
2022-08-16 20:46:07,109 - INFO - Iter: 18000; ema_loss: 0.249901
2022-08-16 20:46:23,109 - INFO - Iter: 18100; ema_loss: 0.246649
2022-08-16 20:46:39,301 - INFO - Iter: 18200; ema_loss: 0.272263
2022-08-16 20:46:55,482 - INFO - Iter: 18300; ema_loss: 0.257350
2022-08-16 20:47:11,435 - INFO - Iter: 18400; ema_loss: 0.249776
2022-08-16 20:47:28,181 - INFO - Iter: 18500; ema_loss: 0.253490
2022-08-16 20:47:44,306 - INFO - Iter: 18600; ema_loss: 0.260807
2022-08-16 20:48:00,010 - INFO - Iter: 18700; ema_loss: 0.246523
2022-08-16 20:48:16,291 - INFO - Iter: 18800; ema_loss: 0.254884
2022-08-16 20:48:32,431 - INFO - Iter: 18900; ema_loss: 0.255413
2022-08-16 20:48:48,478 - INFO - Iter: 19000; ema_loss: 0.244041
2022-08-16 20:49:04,760 - INFO - Iter: 19100; ema_loss: 0.254250
2022-08-16 20:49:20,822 - INFO - Iter: 19200; ema_loss: 0.252946
2022-08-16 20:49:36,806 - INFO - Iter: 19300; ema_loss: 0.246828
2022-08-16 20:49:52,838 - INFO - Iter: 19400; ema_loss: 0.245232
2022-08-16 20:50:08,994 - INFO - Iter: 19500; ema_loss: 0.243482
2022-08-16 20:50:24,853 - INFO - Iter: 19600; ema_loss: 0.231699
2022-08-16 20:50:41,635 - INFO - Iter: 19700; ema_loss: 0.225637
2022-08-16 20:50:58,183 - INFO - Iter: 19800; ema_loss: 0.221131
2022-08-16 20:51:14,683 - INFO - Iter: 19900; ema_loss: 0.240457
2022-08-16 20:51:48,157 - INFO - 1-chain val AUC: 0.945035 val perc 94.576898; iteration: 19999
2022-08-16 20:51:49,829 - INFO - 2-inter val AUC: 0.457665 val perc 43.790050; iteration: 19999
2022-08-16 20:51:51,454 - INFO - Hard-2-inter val AUC: 0.494003 val perc 48.566614; iteration: 19999
2022-08-16 20:51:52,501 - INFO - 2-chain val AUC: 0.871587 val perc 91.263320; iteration: 19999
2022-08-16 20:51:56,157 - INFO - 3-chain val AUC: 0.777607 val perc 88.704225; iteration: 19999
2022-08-16 20:52:01,907 - INFO - 3-chain_inter val AUC: 0.123678 val perc 15.918731; iteration: 19999
2022-08-16 20:52:07,331 - INFO - Hard-3-chain_inter val AUC: 0.378868 val perc 29.555771; iteration: 19999
2022-08-16 20:52:12,597 - INFO - 3-inter_chain val AUC: 0.560217 val perc 53.800000; iteration: 19999
2022-08-16 20:52:17,677 - INFO - Hard-3-inter_chain val AUC: 0.513666 val perc 50.726191; iteration: 19999
2022-08-16 20:52:23,803 - INFO - 3-inter val AUC: 0.477610 val perc 47.269857; iteration: 19999
2022-08-16 20:52:30,389 - INFO - Hard-3-inter val AUC: 0.495519 val perc 48.275591; iteration: 19999
2022-08-16 20:52:30,389 - INFO - Test macro-averaged val: 0.554132
