2022-08-16 18:02:43,072 - INFO - Iter: 0; ema_loss: 1.000735
2022-08-16 18:02:57,659 - INFO - Iter: 100; ema_loss: 0.999903
2022-08-16 18:03:10,799 - INFO - Iter: 200; ema_loss: 0.998277
2022-08-16 18:03:24,193 - INFO - Iter: 300; ema_loss: 0.991162
2022-08-16 18:03:37,910 - INFO - Iter: 400; ema_loss: 0.959750
2022-08-16 18:03:51,351 - INFO - Iter: 500; ema_loss: 0.892974
2022-08-16 18:04:04,880 - INFO - Iter: 600; ema_loss: 0.801404
2022-08-16 18:04:18,253 - INFO - Iter: 700; ema_loss: 0.671116
2022-08-16 18:04:31,308 - INFO - Iter: 800; ema_loss: 0.569207
2022-08-16 18:04:44,918 - INFO - Iter: 900; ema_loss: 0.524233
2022-08-16 18:04:58,336 - INFO - Iter: 1000; ema_loss: 0.473670
2022-08-16 18:05:12,058 - INFO - Iter: 1100; ema_loss: 0.433064
2022-08-16 18:05:26,264 - INFO - Iter: 1200; ema_loss: 0.398338
2022-08-16 18:05:40,868 - INFO - Iter: 1300; ema_loss: 0.350027
2022-08-16 18:05:55,867 - INFO - Iter: 1400; ema_loss: 0.324835
2022-08-16 18:06:11,281 - INFO - Iter: 1500; ema_loss: 0.287441
2022-08-16 18:06:27,561 - INFO - Iter: 1600; ema_loss: 0.275480
2022-08-16 18:06:45,287 - INFO - Iter: 1700; ema_loss: 0.266849
2022-08-16 18:07:02,320 - INFO - Iter: 1800; ema_loss: 0.256905
2022-08-16 18:07:18,323 - INFO - Iter: 1900; ema_loss: 0.238459
2022-08-16 18:07:34,954 - INFO - Iter: 2000; ema_loss: 0.236174
2022-08-16 18:07:52,305 - INFO - Iter: 2100; ema_loss: 0.224025
2022-08-16 18:08:09,018 - INFO - Iter: 2200; ema_loss: 0.226378
2022-08-16 18:08:26,211 - INFO - Iter: 2300; ema_loss: 0.210860
2022-08-16 18:08:43,354 - INFO - Iter: 2400; ema_loss: 0.199373
2022-08-16 18:09:01,191 - INFO - Iter: 2500; ema_loss: 0.214981
2022-08-16 18:09:19,044 - INFO - Iter: 2600; ema_loss: 0.192686
2022-08-16 18:09:37,008 - INFO - Iter: 2700; ema_loss: 0.185954
2022-08-16 18:09:55,328 - INFO - Iter: 2800; ema_loss: 0.180200
2022-08-16 18:10:13,779 - INFO - Iter: 2900; ema_loss: 0.170881
2022-08-16 18:10:32,500 - INFO - Iter: 3000; ema_loss: 0.175842
2022-08-16 18:10:51,459 - INFO - Iter: 3100; ema_loss: 0.162211
2022-08-16 18:11:10,318 - INFO - Iter: 3200; ema_loss: 0.161461
2022-08-16 18:11:29,365 - INFO - Iter: 3300; ema_loss: 0.161974
2022-08-16 18:11:48,392 - INFO - Iter: 3400; ema_loss: 0.146186
2022-08-16 18:12:07,510 - INFO - Iter: 3500; ema_loss: 0.152469
2022-08-16 18:12:26,568 - INFO - Iter: 3600; ema_loss: 0.140452
2022-08-16 18:12:46,213 - INFO - Iter: 3700; ema_loss: 0.141879
2022-08-16 18:13:06,548 - INFO - Iter: 3800; ema_loss: 0.138714
2022-08-16 18:13:26,383 - INFO - Iter: 3900; ema_loss: 0.150120
2022-08-16 18:13:46,762 - INFO - Iter: 4000; ema_loss: 0.132992
2022-08-16 18:14:07,325 - INFO - Iter: 4100; ema_loss: 0.141999
2022-08-16 18:14:27,705 - INFO - Iter: 4200; ema_loss: 0.148825
2022-08-16 18:14:48,148 - INFO - Iter: 4300; ema_loss: 0.135452
2022-08-16 18:15:08,758 - INFO - Iter: 4400; ema_loss: 0.132171
2022-08-16 18:15:29,296 - INFO - Iter: 4500; ema_loss: 0.124937
2022-08-16 18:15:50,431 - INFO - Iter: 4600; ema_loss: 0.139397
2022-08-16 18:16:11,267 - INFO - Iter: 4700; ema_loss: 0.127826
2022-08-16 18:16:31,882 - INFO - Iter: 4800; ema_loss: 0.123684
2022-08-16 18:16:52,655 - INFO - Iter: 4900; ema_loss: 0.138369
2022-08-16 18:17:13,239 - INFO - Iter: 5000; ema_loss: 0.121694
2022-08-16 18:17:15,135 - INFO - 1-chain val AUC: 0.951821 val perc 95.342746; iteration: 5000
2022-08-16 18:17:16,399 - INFO - 2-inter val AUC: 0.785250 val perc 76.516393; iteration: 5000
2022-08-16 18:17:16,944 - INFO - Hard-2-inter val AUC: 0.478896 val perc 50.095802; iteration: 5000
2022-08-16 18:17:17,302 - INFO - 2-chain val AUC: 0.937329 val perc 96.284091; iteration: 5000
2022-08-16 18:17:17,825 - INFO - 3-chain val AUC: 0.911396 val perc 91.475248; iteration: 5000
2022-08-16 18:17:18,627 - INFO - 3-chain_inter val AUC: 0.813797 val perc 73.343434; iteration: 5000
2022-08-16 18:17:19,369 - INFO - Hard-3-chain_inter val AUC: 0.574819 val perc 63.906956; iteration: 5000
2022-08-16 18:17:20,127 - INFO - 3-inter_chain val AUC: 0.773482 val perc 77.574468; iteration: 5000
2022-08-16 18:17:20,890 - INFO - Hard-3-inter_chain val AUC: 0.499380 val perc 47.697330; iteration: 5000
2022-08-16 18:17:21,752 - INFO - 3-inter val AUC: 0.787115 val perc 76.547368; iteration: 5000
2022-08-16 18:17:22,579 - INFO - Hard-3-inter val AUC: 0.485325 val perc 49.903530; iteration: 5000
2022-08-16 18:17:43,522 - INFO - Iter: 5100; ema_loss: 0.121583
2022-08-16 18:18:04,759 - INFO - Iter: 5200; ema_loss: 0.112459
2022-08-16 18:18:26,517 - INFO - Iter: 5300; ema_loss: 0.109659
2022-08-16 18:18:47,919 - INFO - Iter: 5400; ema_loss: 0.114665
2022-08-16 18:19:09,502 - INFO - Iter: 5500; ema_loss: 0.113505
2022-08-16 18:19:31,065 - INFO - Iter: 5600; ema_loss: 0.121977
2022-08-16 18:19:52,362 - INFO - Iter: 5700; ema_loss: 0.123998
2022-08-16 18:20:13,737 - INFO - Iter: 5800; ema_loss: 0.113336
2022-08-16 18:20:35,284 - INFO - Iter: 5900; ema_loss: 0.104390
2022-08-16 18:20:56,316 - INFO - Iter: 6000; ema_loss: 0.107750
2022-08-16 18:21:18,113 - INFO - Iter: 6100; ema_loss: 0.105857
2022-08-16 18:21:39,582 - INFO - Iter: 6200; ema_loss: 0.118879
2022-08-16 18:22:01,285 - INFO - Iter: 6300; ema_loss: 0.119451
2022-08-16 18:22:23,316 - INFO - Iter: 6400; ema_loss: 0.099566
2022-08-16 18:22:45,427 - INFO - Iter: 6500; ema_loss: 0.094349
2022-08-16 18:23:07,785 - INFO - Iter: 6600; ema_loss: 0.096017
2022-08-16 18:23:29,551 - INFO - Iter: 6700; ema_loss: 0.100603
2022-08-16 18:23:51,488 - INFO - Iter: 6800; ema_loss: 0.095444
2022-08-16 18:24:13,818 - INFO - Iter: 6900; ema_loss: 0.102027
2022-08-16 18:24:36,037 - INFO - Iter: 7000; ema_loss: 0.112863
2022-08-16 18:24:58,349 - INFO - Iter: 7100; ema_loss: 0.097871
2022-08-16 18:25:20,677 - INFO - Iter: 7200; ema_loss: 0.095655
2022-08-16 18:25:42,959 - INFO - Iter: 7300; ema_loss: 0.099674
2022-08-16 18:26:04,866 - INFO - Iter: 7400; ema_loss: 0.083019
2022-08-16 18:26:27,085 - INFO - Iter: 7500; ema_loss: 0.096231
2022-08-16 18:26:50,038 - INFO - Iter: 7600; ema_loss: 0.098430
2022-08-16 18:27:13,085 - INFO - Iter: 7700; ema_loss: 0.099675
2022-08-16 18:27:36,413 - INFO - Iter: 7800; ema_loss: 0.095101
2022-08-16 18:27:58,976 - INFO - Iter: 7900; ema_loss: 0.090260
2022-08-16 18:28:21,507 - INFO - Iter: 8000; ema_loss: 0.095900
2022-08-16 18:28:44,241 - INFO - Iter: 8100; ema_loss: 0.098228
2022-08-16 18:29:07,179 - INFO - Iter: 8200; ema_loss: 0.094562
2022-08-16 18:29:30,337 - INFO - Iter: 8300; ema_loss: 0.091745
2022-08-16 18:29:53,165 - INFO - Iter: 8400; ema_loss: 0.100483
2022-08-16 18:30:15,885 - INFO - Iter: 8500; ema_loss: 0.090324
2022-08-16 18:30:38,716 - INFO - Iter: 8600; ema_loss: 0.094790
2022-08-16 18:31:01,587 - INFO - Iter: 8700; ema_loss: 0.091969
2022-08-16 18:31:24,243 - INFO - Iter: 8800; ema_loss: 0.092037
2022-08-16 18:31:47,009 - INFO - Iter: 8900; ema_loss: 0.094455
2022-08-16 18:32:09,634 - INFO - Iter: 9000; ema_loss: 0.089888
2022-08-16 18:32:32,650 - INFO - Iter: 9100; ema_loss: 0.084943
2022-08-16 18:32:55,633 - INFO - Iter: 9200; ema_loss: 0.085480
2022-08-16 18:33:18,805 - INFO - Iter: 9300; ema_loss: 0.091796
2022-08-16 18:33:41,774 - INFO - Iter: 9400; ema_loss: 0.093110
2022-08-16 18:34:04,743 - INFO - Iter: 9500; ema_loss: 0.092489
2022-08-16 18:34:27,400 - INFO - Iter: 9600; ema_loss: 0.084300
2022-08-16 18:34:50,588 - INFO - Iter: 9700; ema_loss: 0.091451
2022-08-16 18:35:13,449 - INFO - Iter: 9800; ema_loss: 0.096040
2022-08-16 18:35:36,464 - INFO - Iter: 9900; ema_loss: 0.095319
2022-08-16 18:35:59,058 - INFO - Iter: 10000; ema_loss: 0.093733
2022-08-16 18:36:00,621 - INFO - 1-chain val AUC: 0.963227 val perc 96.340555; iteration: 10000
2022-08-16 18:36:01,230 - INFO - 2-inter val AUC: 0.732313 val perc 70.262295; iteration: 10000
2022-08-16 18:36:01,824 - INFO - Hard-2-inter val AUC: 0.480146 val perc 49.083214; iteration: 10000
2022-08-16 18:36:02,152 - INFO - 2-chain val AUC: 0.942617 val perc 96.897727; iteration: 10000
2022-08-16 18:36:02,668 - INFO - 3-chain val AUC: 0.926350 val perc 92.673267; iteration: 10000
2022-08-16 18:36:03,433 - INFO - 3-chain_inter val AUC: 0.779559 val perc 67.828283; iteration: 10000
2022-08-16 18:36:04,183 - INFO - Hard-3-chain_inter val AUC: 0.574142 val perc 56.098612; iteration: 10000
2022-08-16 18:36:04,949 - INFO - 3-inter_chain val AUC: 0.704477 val perc 69.936170; iteration: 10000
2022-08-16 18:36:05,699 - INFO - Hard-3-inter_chain val AUC: 0.489673 val perc 45.730844; iteration: 10000
2022-08-16 18:36:06,668 - INFO - 3-inter val AUC: 0.736901 val perc 71.873684; iteration: 10000
2022-08-16 18:36:07,496 - INFO - Hard-3-inter val AUC: 0.506081 val perc 50.730352; iteration: 10000
2022-08-16 18:36:30,528 - INFO - Iter: 10100; ema_loss: 0.076685
2022-08-16 18:36:53,843 - INFO - Iter: 10200; ema_loss: 0.080986
2022-08-16 18:37:16,765 - INFO - Iter: 10300; ema_loss: 0.085176
2022-08-16 18:37:39,687 - INFO - Iter: 10400; ema_loss: 0.084027
2022-08-16 18:38:03,040 - INFO - Iter: 10500; ema_loss: 0.083528
2022-08-16 18:38:26,180 - INFO - Iter: 10600; ema_loss: 0.093564
2022-08-16 18:38:49,415 - INFO - Iter: 10700; ema_loss: 0.082754
2022-08-16 18:39:12,305 - INFO - Iter: 10800; ema_loss: 0.077673
2022-08-16 18:39:35,243 - INFO - Iter: 10900; ema_loss: 0.079501
2022-08-16 18:39:58,557 - INFO - Iter: 11000; ema_loss: 0.078264
2022-08-16 18:40:21,572 - INFO - Iter: 11100; ema_loss: 0.083987
2022-08-16 18:40:44,760 - INFO - Iter: 11200; ema_loss: 0.087527
2022-08-16 18:41:08,011 - INFO - Iter: 11300; ema_loss: 0.081770
2022-08-16 18:41:31,121 - INFO - Iter: 11400; ema_loss: 0.087177
2022-08-16 18:41:54,543 - INFO - Iter: 11500; ema_loss: 0.082675
2022-08-16 18:42:18,183 - INFO - Iter: 11600; ema_loss: 0.086377
2022-08-16 18:42:41,840 - INFO - Iter: 11700; ema_loss: 0.081568
2022-08-16 18:43:05,034 - INFO - Iter: 11800; ema_loss: 0.072750
2022-08-16 18:43:28,269 - INFO - Iter: 11900; ema_loss: 0.074573
2022-08-16 18:43:51,675 - INFO - Iter: 12000; ema_loss: 0.085703
2022-08-16 18:44:14,738 - INFO - Iter: 12100; ema_loss: 0.080954
2022-08-16 18:44:37,957 - INFO - Iter: 12200; ema_loss: 0.073322
2022-08-16 18:45:01,255 - INFO - Iter: 12300; ema_loss: 0.066609
2022-08-16 18:45:24,740 - INFO - Iter: 12400; ema_loss: 0.074196
2022-08-16 18:45:48,365 - INFO - Iter: 12500; ema_loss: 0.073677
2022-08-16 18:46:12,260 - INFO - Iter: 12600; ema_loss: 0.073153
2022-08-16 18:46:36,057 - INFO - Iter: 12700; ema_loss: 0.069643
2022-08-16 18:46:59,750 - INFO - Iter: 12800; ema_loss: 0.085671
2022-08-16 18:47:23,109 - INFO - Iter: 12900; ema_loss: 0.079309
2022-08-16 18:47:46,442 - INFO - Iter: 13000; ema_loss: 0.080676
2022-08-16 18:48:09,864 - INFO - Iter: 13100; ema_loss: 0.075415
2022-08-16 18:48:33,475 - INFO - Iter: 13200; ema_loss: 0.073595
2022-08-16 18:48:57,162 - INFO - Iter: 13300; ema_loss: 0.072239
2022-08-16 18:49:20,787 - INFO - Iter: 13400; ema_loss: 0.068328
2022-08-16 18:49:44,475 - INFO - Iter: 13500; ema_loss: 0.070757
2022-08-16 18:50:08,070 - INFO - Iter: 13600; ema_loss: 0.072907
2022-08-16 18:50:31,851 - INFO - Iter: 13700; ema_loss: 0.088969
2022-08-16 18:50:55,773 - INFO - Iter: 13800; ema_loss: 0.082989
2022-08-16 18:51:19,539 - INFO - Iter: 13900; ema_loss: 0.078138
2022-08-16 18:51:43,367 - INFO - Iter: 14000; ema_loss: 0.075454
2022-08-16 18:52:07,620 - INFO - Iter: 14100; ema_loss: 0.078042
2022-08-16 18:52:31,114 - INFO - Iter: 14200; ema_loss: 0.080926
2022-08-16 18:52:54,699 - INFO - Iter: 14300; ema_loss: 0.078456
2022-08-16 18:53:18,369 - INFO - Iter: 14400; ema_loss: 0.078951
2022-08-16 18:53:42,036 - INFO - Iter: 14500; ema_loss: 0.075356
2022-08-16 18:54:05,640 - INFO - Iter: 14600; ema_loss: 0.068983
2022-08-16 18:54:29,160 - INFO - Iter: 14700; ema_loss: 0.059706
2022-08-16 18:54:52,797 - INFO - Iter: 14800; ema_loss: 0.072732
2022-08-16 18:55:16,836 - INFO - Iter: 14900; ema_loss: 0.069433
2022-08-16 18:55:41,189 - INFO - Iter: 15000; ema_loss: 0.068912
2022-08-16 18:55:42,689 - INFO - 1-chain val AUC: 0.967956 val perc 96.815725; iteration: 15000
2022-08-16 18:55:43,240 - INFO - 2-inter val AUC: 0.723709 val perc 70.745902; iteration: 15000
2022-08-16 18:55:43,772 - INFO - Hard-2-inter val AUC: 0.483211 val perc 53.032839; iteration: 15000
2022-08-16 18:55:44,100 - INFO - 2-chain val AUC: 0.948604 val perc 96.420455; iteration: 15000
2022-08-16 18:55:44,631 - INFO - 3-chain val AUC: 0.936841 val perc 93.475248; iteration: 15000
2022-08-16 18:55:45,379 - INFO - 3-chain_inter val AUC: 0.776862 val perc 65.545455; iteration: 15000
2022-08-16 18:55:46,129 - INFO - Hard-3-chain_inter val AUC: 0.582055 val perc 55.455046; iteration: 15000
2022-08-16 18:55:46,894 - INFO - 3-inter_chain val AUC: 0.710040 val perc 68.893617; iteration: 15000
2022-08-16 18:55:47,676 - INFO - Hard-3-inter_chain val AUC: 0.497544 val perc 46.526491; iteration: 15000
2022-08-16 18:55:48,522 - INFO - 3-inter val AUC: 0.726507 val perc 69.073684; iteration: 15000
2022-08-16 18:55:49,350 - INFO - Hard-3-inter val AUC: 0.478952 val perc 47.992628; iteration: 15000
2022-08-16 18:56:13,393 - INFO - Iter: 15100; ema_loss: 0.071479
2022-08-16 18:56:37,368 - INFO - Iter: 15200; ema_loss: 0.068683
2022-08-16 18:57:01,167 - INFO - Iter: 15300; ema_loss: 0.068770
2022-08-16 18:57:24,986 - INFO - Iter: 15400; ema_loss: 0.070058
2022-08-16 18:57:48,892 - INFO - Iter: 15500; ema_loss: 0.066655
2022-08-16 18:58:12,712 - INFO - Iter: 15600; ema_loss: 0.059282
2022-08-16 18:58:36,273 - INFO - Iter: 15700; ema_loss: 0.065865
2022-08-16 18:59:00,085 - INFO - Iter: 15800; ema_loss: 0.072882
2022-08-16 18:59:23,681 - INFO - Iter: 15900; ema_loss: 0.067041
2022-08-16 18:59:47,420 - INFO - Iter: 16000; ema_loss: 0.067180
2022-08-16 19:00:11,074 - INFO - Iter: 16100; ema_loss: 0.063799
2022-08-16 19:00:34,682 - INFO - Iter: 16200; ema_loss: 0.072157
2022-08-16 19:00:58,544 - INFO - Iter: 16300; ema_loss: 0.076133
2022-08-16 19:01:22,306 - INFO - Iter: 16400; ema_loss: 0.062237
2022-08-16 19:01:46,449 - INFO - Iter: 16500; ema_loss: 0.061837
2022-08-16 19:02:10,367 - INFO - Iter: 16600; ema_loss: 0.062328
2022-08-16 19:02:34,148 - INFO - Iter: 16700; ema_loss: 0.062297
2022-08-16 19:02:58,042 - INFO - Iter: 16800; ema_loss: 0.064808
2022-08-16 19:03:21,765 - INFO - Iter: 16900; ema_loss: 0.062993
2022-08-16 19:03:45,810 - INFO - Iter: 17000; ema_loss: 0.066913
2022-08-16 19:04:09,836 - INFO - Iter: 17100; ema_loss: 0.066733
2022-08-16 19:04:33,962 - INFO - Iter: 17200; ema_loss: 0.062044
2022-08-16 19:04:57,869 - INFO - Iter: 17300; ema_loss: 0.063338
2022-08-16 19:05:22,134 - INFO - Iter: 17400; ema_loss: 0.061780
2022-08-16 19:05:46,275 - INFO - Iter: 17500; ema_loss: 0.063722
2022-08-16 19:06:10,611 - INFO - Iter: 17600; ema_loss: 0.062659
2022-08-16 19:06:34,433 - INFO - Iter: 17700; ema_loss: 0.065221
2022-08-16 19:06:58,102 - INFO - Iter: 17800; ema_loss: 0.075656
2022-08-16 19:07:21,997 - INFO - Iter: 17900; ema_loss: 0.067322
2022-08-16 19:07:45,929 - INFO - Iter: 18000; ema_loss: 0.073800
2022-08-16 19:08:10,118 - INFO - Iter: 18100; ema_loss: 0.068743
2022-08-16 19:08:33,884 - INFO - Iter: 18200; ema_loss: 0.063120
2022-08-16 19:08:57,476 - INFO - Iter: 18300; ema_loss: 0.058710
2022-08-16 19:09:20,900 - INFO - Iter: 18400; ema_loss: 0.063958
2022-08-16 19:09:44,764 - INFO - Iter: 18500; ema_loss: 0.056870
2022-08-16 19:10:08,884 - INFO - Iter: 18600; ema_loss: 0.074136
2022-08-16 19:10:33,008 - INFO - Iter: 18700; ema_loss: 0.070736
2022-08-16 19:10:56,949 - INFO - Iter: 18800; ema_loss: 0.063274
2022-08-16 19:11:20,650 - INFO - Iter: 18900; ema_loss: 0.058218
2022-08-16 19:11:44,463 - INFO - Iter: 19000; ema_loss: 0.058105
2022-08-16 19:12:08,322 - INFO - Iter: 19100; ema_loss: 0.065708
2022-08-16 19:12:32,360 - INFO - Iter: 19200; ema_loss: 0.062365
2022-08-16 19:12:56,243 - INFO - Iter: 19300; ema_loss: 0.070565
2022-08-16 19:13:20,257 - INFO - Iter: 19400; ema_loss: 0.071059
2022-08-16 19:13:44,102 - INFO - Iter: 19500; ema_loss: 0.065039
2022-08-16 19:14:07,837 - INFO - Iter: 19600; ema_loss: 0.072193
2022-08-16 19:14:31,680 - INFO - Iter: 19700; ema_loss: 0.065038
2022-08-16 19:14:55,713 - INFO - Iter: 19800; ema_loss: 0.066131
2022-08-16 19:15:19,885 - INFO - Iter: 19900; ema_loss: 0.074178
2022-08-16 19:15:56,996 - INFO - 1-chain val AUC: 0.970348 val perc 97.256752; iteration: 19999
2022-08-16 19:15:58,698 - INFO - 2-inter val AUC: 0.714499 val perc 68.868657; iteration: 19999
2022-08-16 19:16:00,276 - INFO - Hard-2-inter val AUC: 0.494859 val perc 49.860595; iteration: 19999
2022-08-16 19:16:01,214 - INFO - 2-chain val AUC: 0.952535 val perc 94.764344; iteration: 19999
2022-08-16 19:16:04,532 - INFO - 3-chain val AUC: 0.935600 val perc 94.804829; iteration: 19999
2022-08-16 19:16:10,359 - INFO - 3-chain_inter val AUC: 0.778000 val perc 72.940535; iteration: 19999
2022-08-16 19:16:15,829 - INFO - Hard-3-chain_inter val AUC: 0.577210 val perc 62.685926; iteration: 19999
2022-08-16 19:16:21,061 - INFO - 3-inter_chain val AUC: 0.704202 val perc 68.949738; iteration: 19999
2022-08-16 19:16:26,150 - INFO - Hard-3-inter_chain val AUC: 0.512627 val perc 51.237361; iteration: 19999
2022-08-16 19:16:32,266 - INFO - 3-inter val AUC: 0.710319 val perc 70.480652; iteration: 19999
2022-08-16 19:16:38,204 - INFO - Hard-3-inter val AUC: 0.498302 val perc 49.616293; iteration: 19999
2022-08-16 19:16:38,204 - INFO - Test macro-averaged val: 0.713500
